Performing C SOURCE FILE Test CMAKE_HAVE_LIBC_PTHREAD failed with the following output:
Change Dir: /home/rfal/darpa/GPMP_STR/include/CMakeFiles/CMakeTmp

Run Build Command(s):/usr/bin/make cmTC_f1000/fast && /usr/bin/make -f CMakeFiles/cmTC_f1000.dir/build.make CMakeFiles/cmTC_f1000.dir/build
make[1]: Entering directory '/home/rfal/darpa/GPMP_STR/include/CMakeFiles/CMakeTmp'
Building C object CMakeFiles/cmTC_f1000.dir/src.c.o
/usr/bin/cc   -DCMAKE_HAVE_LIBC_PTHREAD   -o CMakeFiles/cmTC_f1000.dir/src.c.o   -c /home/rfal/darpa/GPMP_STR/include/CMakeFiles/CMakeTmp/src.c
Linking C executable cmTC_f1000
/usr/bin/cmake -E cmake_link_script CMakeFiles/cmTC_f1000.dir/link.txt --verbose=1
/usr/bin/cc  -DCMAKE_HAVE_LIBC_PTHREAD    CMakeFiles/cmTC_f1000.dir/src.c.o  -o cmTC_f1000 
/usr/bin/ld: CMakeFiles/cmTC_f1000.dir/src.c.o: in function `main':
src.c:(.text+0x3e): undefined reference to `pthread_create'
/usr/bin/ld: src.c:(.text+0x4a): undefined reference to `pthread_detach'
/usr/bin/ld: src.c:(.text+0x5b): undefined reference to `pthread_join'
collect2: error: ld returned 1 exit status
make[1]: *** [CMakeFiles/cmTC_f1000.dir/build.make:87: cmTC_f1000] Error 1
make[1]: Leaving directory '/home/rfal/darpa/GPMP_STR/include/CMakeFiles/CMakeTmp'
make: *** [Makefile:121: cmTC_f1000/fast] Error 2


Source file was:
#include <pthread.h>

void* test_func(void* data)
{
  return data;
}

int main(void)
{
  pthread_t thread;
  pthread_create(&thread, NULL, test_func, NULL);
  pthread_detach(thread);
  pthread_join(thread, NULL);
  pthread_atfork(NULL, NULL, NULL);
  pthread_exit(NULL);

  return 0;
}

Determining if the function pthread_create exists in the pthreads failed with the following output:
Change Dir: /home/rfal/darpa/GPMP_STR/include/CMakeFiles/CMakeTmp

Run Build Command(s):/usr/bin/make cmTC_29c55/fast && /usr/bin/make -f CMakeFiles/cmTC_29c55.dir/build.make CMakeFiles/cmTC_29c55.dir/build
make[1]: Entering directory '/home/rfal/darpa/GPMP_STR/include/CMakeFiles/CMakeTmp'
Building C object CMakeFiles/cmTC_29c55.dir/CheckFunctionExists.c.o
/usr/bin/cc   -DCHECK_FUNCTION_EXISTS=pthread_create   -o CMakeFiles/cmTC_29c55.dir/CheckFunctionExists.c.o   -c /usr/share/cmake-3.16/Modules/CheckFunctionExists.c
Linking C executable cmTC_29c55
/usr/bin/cmake -E cmake_link_script CMakeFiles/cmTC_29c55.dir/link.txt --verbose=1
/usr/bin/cc  -DCHECK_FUNCTION_EXISTS=pthread_create    CMakeFiles/cmTC_29c55.dir/CheckFunctionExists.c.o  -o cmTC_29c55  -lpthreads 
/usr/bin/ld: cannot find -lpthreads
collect2: error: ld returned 1 exit status
make[1]: *** [CMakeFiles/cmTC_29c55.dir/build.make:87: cmTC_29c55] Error 1
make[1]: Leaving directory '/home/rfal/darpa/GPMP_STR/include/CMakeFiles/CMakeTmp'
make: *** [Makefile:121: cmTC_29c55/fast] Error 2



Determining if the function sgemm_ exists failed with the following output:
Change Dir: /home/rfal/darpa/GPMP_STR/include/CMakeFiles/CMakeTmp

Run Build Command(s):/usr/bin/make cmTC_562a2/fast && /usr/bin/make -f CMakeFiles/cmTC_562a2.dir/build.make CMakeFiles/cmTC_562a2.dir/build
make[1]: Entering directory '/home/rfal/darpa/GPMP_STR/include/CMakeFiles/CMakeTmp'
Building C object CMakeFiles/cmTC_562a2.dir/CheckFunctionExists.c.o
/usr/bin/cc   -DCHECK_FUNCTION_EXISTS=sgemm_   -o CMakeFiles/cmTC_562a2.dir/CheckFunctionExists.c.o   -c /usr/share/cmake-3.16/Modules/CheckFunctionExists.c
Linking C executable cmTC_562a2
/usr/bin/cmake -E cmake_link_script CMakeFiles/cmTC_562a2.dir/link.txt --verbose=1
/usr/bin/cc  -DCHECK_FUNCTION_EXISTS=sgemm_    CMakeFiles/cmTC_562a2.dir/CheckFunctionExists.c.o  -o cmTC_562a2 
/usr/bin/ld: CMakeFiles/cmTC_562a2.dir/CheckFunctionExists.c.o: in function `main':
CheckFunctionExists.c:(.text+0x10): undefined reference to `sgemm_'
collect2: error: ld returned 1 exit status
make[1]: *** [CMakeFiles/cmTC_562a2.dir/build.make:87: cmTC_562a2] Error 1
make[1]: Leaving directory '/home/rfal/darpa/GPMP_STR/include/CMakeFiles/CMakeTmp'
make: *** [Makefile:121: cmTC_562a2/fast] Error 2



Determining if the function cheev_ exists failed with the following output:
Change Dir: /home/rfal/darpa/GPMP_STR/include/CMakeFiles/CMakeTmp

Run Build Command(s):/usr/bin/make cmTC_90f17/fast && /usr/bin/make -f CMakeFiles/cmTC_90f17.dir/build.make CMakeFiles/cmTC_90f17.dir/build
make[1]: Entering directory '/home/rfal/darpa/GPMP_STR/include/CMakeFiles/CMakeTmp'
Building C object CMakeFiles/cmTC_90f17.dir/CheckFunctionExists.c.o
/usr/bin/cc   -DCHECK_FUNCTION_EXISTS=cheev_   -o CMakeFiles/cmTC_90f17.dir/CheckFunctionExists.c.o   -c /usr/share/cmake-3.16/Modules/CheckFunctionExists.c
Linking C executable cmTC_90f17
/usr/bin/cmake -E cmake_link_script CMakeFiles/cmTC_90f17.dir/link.txt --verbose=1
/usr/bin/cc  -DCHECK_FUNCTION_EXISTS=cheev_    CMakeFiles/cmTC_90f17.dir/CheckFunctionExists.c.o  -o cmTC_90f17  /usr/lib/x86_64-linux-gnu/libblas.so 
/usr/bin/ld: CMakeFiles/cmTC_90f17.dir/CheckFunctionExists.c.o: in function `main':
CheckFunctionExists.c:(.text+0x10): undefined reference to `cheev_'
collect2: error: ld returned 1 exit status
make[1]: *** [CMakeFiles/cmTC_90f17.dir/build.make:88: cmTC_90f17] Error 1
make[1]: Leaving directory '/home/rfal/darpa/GPMP_STR/include/CMakeFiles/CMakeTmp'
make: *** [Makefile:121: cmTC_90f17/fast] Error 2



Determining if the include file filesystem exists failed with the following output:
Change Dir: /home/rfal/darpa/GPMP_STR/include/CMakeFiles/CMakeTmp

Run Build Command(s):/usr/bin/make cmTC_3dbac/fast && /usr/bin/make -f CMakeFiles/cmTC_3dbac.dir/build.make CMakeFiles/cmTC_3dbac.dir/build
make[1]: Entering directory '/home/rfal/darpa/GPMP_STR/include/CMakeFiles/CMakeTmp'
Building CXX object CMakeFiles/cmTC_3dbac.dir/CheckIncludeFile.cxx.o
/usr/bin/c++    -std=c++14 -fPIC -Og    -std=gnu++1z -o CMakeFiles/cmTC_3dbac.dir/CheckIncludeFile.cxx.o -c /home/rfal/darpa/GPMP_STR/include/CMakeFiles/CMakeTmp/CheckIncludeFile.cxx
/home/rfal/darpa/GPMP_STR/include/CMakeFiles/CMakeTmp/CheckIncludeFile.cxx:1:10: fatal error: filesystem: No such file or directory
 #include <filesystem>
          ^~~~~~~~~~~~
compilation terminated.
make[1]: *** [CMakeFiles/cmTC_3dbac.dir/build.make:66: CMakeFiles/cmTC_3dbac.dir/CheckIncludeFile.cxx.o] Error 1
make[1]: Leaving directory '/home/rfal/darpa/GPMP_STR/include/CMakeFiles/CMakeTmp'
make: *** [Makefile:121: cmTC_3dbac/fast] Error 2



Performing C++ SOURCE FILE Test CXX_FILESYSTEM_NO_LINK_NEEDED failed with the following output:
Change Dir: /home/rfal/darpa/GPMP_STR/include/CMakeFiles/CMakeTmp

Run Build Command(s):/usr/bin/make cmTC_f121e/fast && /usr/bin/make -f CMakeFiles/cmTC_f121e.dir/build.make CMakeFiles/cmTC_f121e.dir/build
make[1]: Entering directory '/home/rfal/darpa/GPMP_STR/include/CMakeFiles/CMakeTmp'
Building CXX object CMakeFiles/cmTC_f121e.dir/src.cxx.o
/usr/bin/c++    -std=c++14 -fPIC -Og -DCXX_FILESYSTEM_NO_LINK_NEEDED   -std=gnu++1z -o CMakeFiles/cmTC_f121e.dir/src.cxx.o -c /home/rfal/darpa/GPMP_STR/include/CMakeFiles/CMakeTmp/src.cxx
Linking CXX executable cmTC_f121e
/usr/bin/cmake -E cmake_link_script CMakeFiles/cmTC_f121e.dir/link.txt --verbose=1
/usr/bin/c++      -std=c++14 -fPIC -Og -DCXX_FILESYSTEM_NO_LINK_NEEDED    CMakeFiles/cmTC_f121e.dir/src.cxx.o  -o cmTC_f121e 
/usr/bin/ld: CMakeFiles/cmTC_f121e.dir/src.cxx.o: in function `main':
src.cxx:(.text+0x19): undefined reference to `std::experimental::filesystem::v1::current_path[abi:cxx11]()'
collect2: error: ld returned 1 exit status
make[1]: *** [CMakeFiles/cmTC_f121e.dir/build.make:87: cmTC_f121e] Error 1
make[1]: Leaving directory '/home/rfal/darpa/GPMP_STR/include/CMakeFiles/CMakeTmp'
make: *** [Makefile:121: cmTC_f121e/fast] Error 2


...and run output:

Return value: 1
Source file was:
        #include <cstdlib>
        #include <experimental/filesystem>

        int main() {
            auto cwd = std::experimental::filesystem::current_path();
            printf("%s", cwd.c_str());
            return EXIT_SUCCESS;
        }
    
